<?xml version="1.0"?>
<!DOCTYPE qualm-data PUBLIC "-//QUALM/DTD Qualm Data//EN" "http://qualm.berlios.de/qualm.dtd">

<qualm-data>
  <title>Test File for Qualm</title>
  <midi-channels>
    <channel num="1" device-type="Roland JV-1080">Lower Keyboard</channel>
    <channel num="2">Upper Keyboard</channel>
    <channel num="4" device-type="Alesis">Drum Kit</channel>
  </midi-channels>
  <patches>
    <patch id="Nice_Piano" bank="User" num="1">Nice Piano</patch>
    <patch id="P2" bank="User" num="2">TremStr/Str</patch>
    <patch id="P3" bank="User" num="3" remark="split at C5">Strs/FzzClav</patch>
    <patch id="P4" bank="PrA"  num="15" volume="23%">Rhodes</patch>
    <patch-alias id="P5" target="Nice_Piano">Good Piano</patch-alias>
    <patch id="P95" num="95">LKB/TmpF</patch>
    <patch id="P96" num="96">TmpG/TmpD</patch>
  </patches>

  <cue-stream id="First_Stream">
    <global>
      <trigger><note-on channel="1" note="c6"/></trigger>
      <trigger reverse="yes"><note-on channel="1" note="c2"/></trigger>
      <map-events>
	<map-from><control-change channel="1" control="damper"/></map-from>
	<map-to><control-change channel="2" control="80"/></map-to>
      </map-events>
    </global>
    <cue song="1a" measure="10">
      <events><program-change channel="1" patch="P3"/></events>
    </cue>
    <cue song="2" measure="35">
      <events><program-change channel="1" patch="Nice_Piano"/></events>
    </cue>
    <cue song="2" measure="102">
      <events><program-change channel="1" patch="P4"/></events>
    </cue>
    <cue song="3" measure="1">
      <trigger><note-on channel="2" note="g2"/></trigger>
      <events><program-change channel="2" patch="P3"/></events>
    </cue>
    <cue song="3" measure="16">
      <events>
	<program-change channel="4" patch="P96"/>
	<program-change channel="1" patch="P5"/>
      </events>
    </cue>
  </cue-stream>
  <cue-stream id="Second_Stream">
    <global>
      <trigger><note-on channel="2" note="c6"/></trigger>
    </global>
    <cue song="1" measure="1">
      <events><program-change channel="2" patch="P96"/></events>
    </cue>
    <cue song="2" measure="10">
      <events><program-change channel="2" patch="P95"/></events>
    </cue>
  </cue-stream>
</qualm-data>
